<?xml version="1.0" encoding="UTF-8" ?>
<testsuite tests="4" failures="0" name="com.learnmaven.mavendemo.AppTest" time="0.008" errors="0" skipped="0">
  <properties>
[...]
</properties>
  <testcase classname="com.learnmaven.mavendemo.AppTest" name="testAdd" time="0.008"/>
  <testcase classname="com.learnmaven.mavendemo.AppTest" name="testSub" time="0"/>
  <testcase classname="com.learnmaven.mavendemo.AppTest" name="testMul" time="0"/>
  <testcase classname="com.learnmaven.mavendemo.AppTest" name="testDiv" time="0"/>
</testsuite>